\BOOKMARK [0][-]{chapter.0}{Conseils g\351n\351raux}{}% 1
\BOOKMARK [0][-]{chapter.1}{Lentilles minces}{}% 2
\BOOKMARK [1][-]{section.1.1}{Exercices d'application}{chapter.1}% 3
\BOOKMARK [2][-]{subsection.1.1.1}{Constructions optiques dans toutes les situations}{section.1.1}% 4
\BOOKMARK [2][-]{subsection.1.1.2}{Videoprojecteur}{section.1.1}% 5
\BOOKMARK [2][-]{subsection.1.1.3}{La loupe}{section.1.1}% 6
\BOOKMARK [2][-]{subsection.1.1.4}{\226il r\351duit et accomodation}{section.1.1}% 7
\BOOKMARK [1][-]{section.1.2}{Exercices d'entra\356nement}{chapter.1}% 8
\BOOKMARK [2][-]{subsection.1.2.5}{Construction g\351om\351trique d'objets}{section.1.2}% 9
\BOOKMARK [0][-]{chapter.2}{Miroirs et dioptres plans}{}% 10
\BOOKMARK [1][-]{section.2.1}{Exercices d'application}{chapter.2}% 11
\BOOKMARK [2][-]{subsection.2.1.1}{Miroir plan et trac\351 des rayons}{section.2.1}% 12
\BOOKMARK [2][-]{subsection.2.1.2}{Une grenouille intelligente}{section.2.1}% 13
\BOOKMARK [2][-]{subsection.2.1.3}{Le chat et le poisson}{section.2.1}% 14
\BOOKMARK [2][-]{subsection.2.1.4}{Lois de Snell-Descartes}{section.2.1}% 15
\BOOKMARK [0][-]{chapter.3}{Instruments d'optique}{}% 16
\BOOKMARK [1][-]{section.3.1}{Exercices d'application}{chapter.3}% 17
\BOOKMARK [2][-]{subsection.3.1.1}{Trac\351s de rayons avec association de lentilles}{section.3.1}% 18
\BOOKMARK [2][-]{subsection.3.1.2}{Des lunettes astronomiques}{section.3.1}% 19
\BOOKMARK [0][-]{chapter.4}{Dioptres et miroirs sph\351riques}{}% 20
\BOOKMARK [1][-]{section.4.1}{Exercices d'application}{chapter.4}% 21
\BOOKMARK [2][-]{subsection.4.1.1}{Miroir sph\351rique}{section.4.1}% 22
\BOOKMARK [2][-]{subsection.4.1.2}{Lentille \351paisse}{section.4.1}% 23
\BOOKMARK [2][-]{subsection.4.1.3}{T\351lescope de Newton}{section.4.1}% 24
